Build started 16.04.2013 22:12:27.
     1>Project "C:\Users\xunter\Documents\Education\ma_diser\practice\HemingModelingTool\HemingModelingTool\HemingModelingTool.vcxproj" on node 2 (build target(s)).
     1>PrepareForBuild:
         Creating directory "C:\Users\xunter\Documents\Education\ma_diser\practice\HemingModelingTool\Debug\".
       InitializeBuildStatus:
         Creating "Debug\HemingModelingTool.unsuccessfulbuild" because "AlwaysCreate" was specified.
       ClCompile:
         C:\Program Files (x86)\Microsoft Visual Studio 10.0\VC\bin\CL.exe /c /ZI /nologo /W3 /WX- /Od /Oy- /D WIN32 /D _DEBUG /D _CONSOLE /D _UNICODE /D UNICODE /Gm /EHsc /RTC1 /MDd /GS /fp:precise /Zc:wchar_t /Zc:forScope /Yc"StdAfx.h" /Fp"Debug\HemingModelingTool.pch" /Fo"Debug\\" /Fd"Debug\vc100.pdb" /Gd /TP /analyze- /errorReport:prompt stdafx.cpp
         stdafx.cpp
         C:\Program Files (x86)\Microsoft Visual Studio 10.0\VC\bin\CL.exe /c /ZI /nologo /W3 /WX- /Od /Oy- /D WIN32 /D _DEBUG /D _CONSOLE /D _UNICODE /D UNICODE /Gm /EHsc /RTC1 /MDd /GS /fp:precise /Zc:wchar_t /Zc:forScope /Yu"StdAfx.h" /Fp"Debug\HemingModelingTool.pch" /Fo"Debug\\" /Fd"Debug\vc100.pdb" /Gd /TP /analyze- /errorReport:prompt HemingModelingTool.cpp
         HemingModelingTool.cpp
     1>c:\users\xunter\documents\education\ma_diser\practice\hemingmodelingtool\hemingmodelingtool\hemingmodelingtool.cpp(6): error C2144: syntax error : 'char' should be preceded by ';'
     1>c:\users\xunter\documents\education\ma_diser\practice\hemingmodelingtool\hemingmodelingtool\hemingmodelingtool.cpp(6): error C4430: missing type specifier - int assumed. Note: C++ does not support default-int
     1>c:\users\xunter\documents\education\ma_diser\practice\hemingmodelingtool\hemingmodelingtool\hemingmodelingtool.cpp(6): warning C4091: '' : ignored on left of 'char' when no variable is declared
     1>c:\users\xunter\documents\education\ma_diser\practice\hemingmodelingtool\hemingmodelingtool\hemingmodelingtool.cpp(47): error C2440: '=' : cannot convert from 'byte *' to 'byte'
                 There is no context in which this conversion is possible
     1>c:\users\xunter\documents\education\ma_diser\practice\hemingmodelingtool\hemingmodelingtool\hemingmodelingtool.cpp(51): error C2440: '=' : cannot convert from 'byte *' to 'byte'
                 There is no context in which this conversion is possible
     1>c:\users\xunter\documents\education\ma_diser\practice\hemingmodelingtool\hemingmodelingtool\hemingmodelingtool.cpp(55): error C2440: '=' : cannot convert from 'byte *' to 'byte'
                 There is no context in which this conversion is possible
     1>c:\users\xunter\documents\education\ma_diser\practice\hemingmodelingtool\hemingmodelingtool\hemingmodelingtool.cpp(90): error C2628: 'ModelingResultItemStorage' followed by 'void' is illegal (did you forget a ';'?)
     1>c:\users\xunter\documents\education\ma_diser\practice\hemingmodelingtool\hemingmodelingtool\hemingmodelingtool.cpp(92): error C2143: syntax error : missing ')' before ';'
     1>c:\users\xunter\documents\education\ma_diser\practice\hemingmodelingtool\hemingmodelingtool\hemingmodelingtool.cpp(92): error C2059: syntax error : ')'
     1>c:\users\xunter\documents\education\ma_diser\practice\hemingmodelingtool\hemingmodelingtool\hemingmodelingtool.cpp(92): warning C4390: ';' : empty controlled statement found; is this the intent?
     1>Done Building Project "C:\Users\xunter\Documents\Education\ma_diser\practice\HemingModelingTool\HemingModelingTool\HemingModelingTool.vcxproj" (build target(s)) -- FAILED.

Build FAILED.

Time Elapsed 00:00:02.01
